0 verbose cli /Users/adamjanes/.nvm/versions/node/v20.19.5/bin/node /Users/adamjanes/.nvm/versions/node/v20.19.5/bin/npm
1 info using npm@10.8.2
2 info using node@v20.19.5
3 silly config load:file:/Users/adamjanes/.nvm/versions/node/v20.19.5/lib/node_modules/npm/npmrc
4 silly config load:file:/Users/adamjanes/Development/Fractional First/public-profiles/.npmrc
5 silly config load:file:/Users/adamjanes/.npmrc
6 silly config load:file:/Users/adamjanes/.nvm/versions/node/v20.19.5/etc/npmrc
7 verbose title npm install
8 verbose argv "install" "--cache" "./.npm-cache" "--no-audit" "--no-fund"
9 verbose logfile logs-max:10 dir:/Users/adamjanes/Development/Fractional First/public-profiles/.npm-cache/_logs/2026-01-19T01_49_50_834Z-
10 verbose logfile /Users/adamjanes/Development/Fractional First/public-profiles/.npm-cache/_logs/2026-01-19T01_49_50_834Z-debug-0.log
11 silly packumentCache heap:4345298944 maxSize:1086324736 maxEntrySize:543162368
12 silly logfile done cleaning log files
13 silly idealTree buildDeps
14 silly fetch manifest next@15.5.7
15 silly packumentCache full:https://registry.npmjs.org/next cache-miss
16 http fetch GET 200 https://registry.npmjs.org/next 611ms (cache miss)
17 silly packumentCache full:https://registry.npmjs.org/next set size:undefined disposed:false
18 silly fetch manifest @opentelemetry/api@^1.1.0
19 silly packumentCache full:https://registry.npmjs.org/@opentelemetry%2fapi cache-miss
20 http fetch GET 200 https://registry.npmjs.org/@opentelemetry%2fapi 83ms (cache miss)
21 silly packumentCache full:https://registry.npmjs.org/@opentelemetry%2fapi set size:undefined disposed:false
22 silly fetch manifest @playwright/test@^1.51.1
23 silly packumentCache full:https://registry.npmjs.org/@playwright%2ftest cache-miss
24 http fetch GET 200 https://registry.npmjs.org/@playwright%2ftest 263ms (cache miss)
25 silly packumentCache full:https://registry.npmjs.org/@playwright%2ftest set size:undefined disposed:false
26 silly fetch manifest babel-plugin-react-compiler@*
27 silly packumentCache full:https://registry.npmjs.org/babel-plugin-react-compiler cache-miss
28 http fetch GET 200 https://registry.npmjs.org/babel-plugin-react-compiler 59ms (cache miss)
29 silly packumentCache full:https://registry.npmjs.org/babel-plugin-react-compiler set size:undefined disposed:false
30 silly fetch manifest react@19.1.0
31 silly packumentCache full:https://registry.npmjs.org/react cache-miss
32 http fetch GET 200 https://registry.npmjs.org/react 161ms (cache miss)
33 silly packumentCache full:https://registry.npmjs.org/react set size:undefined disposed:false
34 silly fetch manifest react-dom@19.1.0
35 silly packumentCache full:https://registry.npmjs.org/react-dom cache-miss
36 http fetch GET 200 https://registry.npmjs.org/react-dom 156ms (cache miss)
37 silly packumentCache full:https://registry.npmjs.org/react-dom set size:undefined disposed:false
38 silly fetch manifest sass@^1.3.0
39 silly packumentCache full:https://registry.npmjs.org/sass cache-miss
40 http fetch GET 200 https://registry.npmjs.org/sass 59ms (cache miss)
41 silly packumentCache full:https://registry.npmjs.org/sass set size:undefined disposed:false
42 silly fetch manifest eslint-config-next@15.5.7
43 silly packumentCache full:https://registry.npmjs.org/eslint-config-next cache-miss
44 http fetch GET 200 https://registry.npmjs.org/eslint-config-next 151ms (cache miss)
45 silly packumentCache full:https://registry.npmjs.org/eslint-config-next set size:undefined disposed:false
46 silly fetch manifest eslint@^9
47 silly packumentCache full:https://registry.npmjs.org/eslint cache-miss
48 http fetch GET 200 https://registry.npmjs.org/eslint 63ms (cache miss)
49 silly packumentCache full:https://registry.npmjs.org/eslint set size:undefined disposed:false
50 silly fetch manifest jiti@*
51 silly packumentCache full:https://registry.npmjs.org/jiti cache-miss
52 http fetch GET 200 https://registry.npmjs.org/jiti 47ms (cache miss)
53 silly packumentCache full:https://registry.npmjs.org/jiti set size:undefined disposed:false
54 silly fetch manifest typescript@^5
55 silly packumentCache full:https://registry.npmjs.org/typescript cache-miss
56 http fetch GET 200 https://registry.npmjs.org/typescript 279ms (cache miss)
57 silly packumentCache full:https://registry.npmjs.org/typescript set size:undefined disposed:false
58 silly placeDep ROOT eslint-config-next@15.5.7 REPLACE for: public-profiles@0.1.0 want: 15.5.7
59 silly placeDep ROOT next@15.5.7 REPLACE for: public-profiles@0.1.0 want: 15.5.7
60 silly fetch manifest @next/eslint-plugin-next@15.5.7
61 silly packumentCache full:https://registry.npmjs.org/@next%2feslint-plugin-next cache-miss
62 silly fetch manifest @next/env@15.5.7
63 silly packumentCache full:https://registry.npmjs.org/@next%2fenv cache-miss
64 silly fetch manifest @next/swc-darwin-x64@15.5.7
65 silly packumentCache full:https://registry.npmjs.org/@next%2fswc-darwin-x64 cache-miss
66 silly fetch manifest @next/swc-darwin-arm64@15.5.7
67 silly packumentCache full:https://registry.npmjs.org/@next%2fswc-darwin-arm64 cache-miss
68 silly fetch manifest @next/swc-linux-x64-gnu@15.5.7
69 silly packumentCache full:https://registry.npmjs.org/@next%2fswc-linux-x64-gnu cache-miss
70 silly fetch manifest @next/swc-linux-x64-musl@15.5.7
71 silly packumentCache full:https://registry.npmjs.org/@next%2fswc-linux-x64-musl cache-miss
72 silly fetch manifest @next/swc-win32-x64-msvc@15.5.7
73 silly packumentCache full:https://registry.npmjs.org/@next%2fswc-win32-x64-msvc cache-miss
74 http fetch GET 200 https://registry.npmjs.org/@next%2feslint-plugin-next 222ms (cache miss)
75 silly packumentCache full:https://registry.npmjs.org/@next%2feslint-plugin-next set size:undefined disposed:false
76 silly fetch manifest @next/swc-linux-arm64-gnu@15.5.7
77 silly packumentCache full:https://registry.npmjs.org/@next%2fswc-linux-arm64-gnu cache-miss
78 http fetch GET 200 https://registry.npmjs.org/@next%2fswc-linux-x64-gnu 522ms (cache miss)
79 silly packumentCache full:https://registry.npmjs.org/@next%2fswc-linux-x64-gnu set size:undefined disposed:false
80 silly fetch manifest @next/swc-linux-arm64-musl@15.5.7
81 silly packumentCache full:https://registry.npmjs.org/@next%2fswc-linux-arm64-musl cache-miss
82 http fetch GET 200 https://registry.npmjs.org/@next%2fswc-darwin-arm64 552ms (cache miss)
83 silly packumentCache full:https://registry.npmjs.org/@next%2fswc-darwin-arm64 set size:undefined disposed:false
84 silly fetch manifest @next/swc-win32-arm64-msvc@15.5.7
85 silly packumentCache full:https://registry.npmjs.org/@next%2fswc-win32-arm64-msvc cache-miss
86 http fetch GET 200 https://registry.npmjs.org/@next%2fswc-linux-x64-musl 568ms (cache miss)
87 silly packumentCache full:https://registry.npmjs.org/@next%2fswc-linux-x64-musl set size:undefined disposed:false
88 http fetch GET 200 https://registry.npmjs.org/@next%2fswc-win32-x64-msvc 583ms (cache miss)
89 silly packumentCache full:https://registry.npmjs.org/@next%2fswc-win32-x64-msvc set size:undefined disposed:false
90 http fetch GET 200 https://registry.npmjs.org/@next%2fenv 607ms (cache miss)
91 silly packumentCache full:https://registry.npmjs.org/@next%2fenv set size:undefined disposed:false
92 http fetch GET 200 https://registry.npmjs.org/@next%2fswc-darwin-x64 629ms (cache miss)
93 silly packumentCache full:https://registry.npmjs.org/@next%2fswc-darwin-x64 set size:undefined disposed:false
94 http fetch GET 200 https://registry.npmjs.org/@next%2fswc-linux-arm64-gnu 423ms (cache miss)
95 silly packumentCache full:https://registry.npmjs.org/@next%2fswc-linux-arm64-gnu set size:undefined disposed:false
96 http fetch GET 200 https://registry.npmjs.org/@next%2fswc-win32-arm64-msvc 153ms (cache miss)
97 silly packumentCache full:https://registry.npmjs.org/@next%2fswc-win32-arm64-msvc set size:undefined disposed:false
98 http fetch GET 200 https://registry.npmjs.org/@next%2fswc-linux-arm64-musl 288ms (cache miss)
99 silly packumentCache full:https://registry.npmjs.org/@next%2fswc-linux-arm64-musl set size:undefined disposed:false
100 silly placeDep ROOT @next/eslint-plugin-next@15.5.7 OK for: eslint-config-next@15.5.7 want: 15.5.7
101 silly fetch manifest fast-glob@3.3.1
102 silly packumentCache full:https://registry.npmjs.org/fast-glob cache-miss
103 http fetch GET 200 https://registry.npmjs.org/fast-glob 43ms (cache miss)
104 silly packumentCache full:https://registry.npmjs.org/fast-glob set size:undefined disposed:false
105 silly placeDep ROOT fast-glob@3.3.1 OK for: @next/eslint-plugin-next@15.5.7 want: 3.3.1
106 silly fetch manifest glob-parent@^5.1.2
107 silly packumentCache full:https://registry.npmjs.org/glob-parent cache-miss
108 http fetch GET 200 https://registry.npmjs.org/glob-parent 42ms (cache miss)
109 silly packumentCache full:https://registry.npmjs.org/glob-parent set size:undefined disposed:false
110 silly placeDep node_modules/fast-glob glob-parent@5.1.2 OK for: fast-glob@3.3.1 want: ^5.1.2
111 silly placeDep ROOT @next/env@15.5.7 OK for: next@15.5.7 want: 15.5.7
112 silly placeDep ROOT @next/swc-darwin-arm64@15.5.7 OK for: next@15.5.7 want: 15.5.7
113 silly placeDep ROOT @next/swc-darwin-x64@15.5.7 OK for: next@15.5.7 want: 15.5.7
114 silly placeDep ROOT @next/swc-linux-arm64-gnu@15.5.7 OK for: next@15.5.7 want: 15.5.7
115 silly placeDep ROOT @next/swc-linux-arm64-musl@15.5.7 OK for: next@15.5.7 want: 15.5.7
116 silly placeDep ROOT @next/swc-linux-x64-gnu@15.5.7 OK for: next@15.5.7 want: 15.5.7
117 silly placeDep ROOT @next/swc-linux-x64-musl@15.5.7 OK for: next@15.5.7 want: 15.5.7
118 silly placeDep ROOT @next/swc-win32-arm64-msvc@15.5.7 OK for: next@15.5.7 want: 15.5.7
119 silly placeDep ROOT @next/swc-win32-x64-msvc@15.5.7 OK for: next@15.5.7 want: 15.5.7
120 silly reify mark retired [
120 silly reify   '/Users/adamjanes/Development/Fractional First/public-profiles/node_modules/@next/env'
120 silly reify ]
121 silly reify mark retired [
121 silly reify   '/Users/adamjanes/Development/Fractional First/public-profiles/node_modules/@next/eslint-plugin-next'
121 silly reify ]
122 silly reify mark retired [
122 silly reify   '/Users/adamjanes/Development/Fractional First/public-profiles/node_modules/@next/swc-darwin-arm64'
122 silly reify ]
123 silly reify mark retired [
123 silly reify   '/Users/adamjanes/Development/Fractional First/public-profiles/node_modules/eslint-config-next'
123 silly reify ]
124 silly reify mark retired [
124 silly reify   '/Users/adamjanes/Development/Fractional First/public-profiles/node_modules/next',
124 silly reify   '/Users/adamjanes/Development/Fractional First/public-profiles/node_modules/.bin/next'
124 silly reify ]
125 silly reify moves {
125 silly reify   '/Users/adamjanes/Development/Fractional First/public-profiles/node_modules/@next/env': '/Users/adamjanes/Development/Fractional First/public-profiles/node_modules/@next/.env-LQ882EME',
125 silly reify   '/Users/adamjanes/Development/Fractional First/public-profiles/node_modules/@next/eslint-plugin-next': '/Users/adamjanes/Development/Fractional First/public-profiles/node_modules/@next/.eslint-plugin-next-ubJOQkMN',
125 silly reify   '/Users/adamjanes/Development/Fractional First/public-profiles/node_modules/@next/swc-darwin-arm64': '/Users/adamjanes/Development/Fractional First/public-profiles/node_modules/@next/.swc-darwin-arm64-WfCjGcOa',
125 silly reify   '/Users/adamjanes/Development/Fractional First/public-profiles/node_modules/eslint-config-next': '/Users/adamjanes/Development/Fractional First/public-profiles/node_modules/.eslint-config-next-OYDVFFea',
125 silly reify   '/Users/adamjanes/Development/Fractional First/public-profiles/node_modules/next': '/Users/adamjanes/Development/Fractional First/public-profiles/node_modules/.next-wlbGPXEt',
125 silly reify   '/Users/adamjanes/Development/Fractional First/public-profiles/node_modules/.bin/next': '/Users/adamjanes/Development/Fractional First/public-profiles/node_modules/.bin/.next-2aLGSL3h'
125 silly reify }
126 verbose reify failed optional dependency /Users/adamjanes/Development/Fractional First/public-profiles/node_modules/@tailwindcss/oxide-wasm32-wasi
127 silly reify mark deleted [
127 silly reify   '/Users/adamjanes/Development/Fractional First/public-profiles/node_modules/@tailwindcss/oxide-wasm32-wasi'
127 silly reify ]
128 verbose reify failed optional dependency /Users/adamjanes/Development/Fractional First/public-profiles/node_modules/@next/swc-win32-x64-msvc
129 silly reify mark deleted [
129 silly reify   '/Users/adamjanes/Development/Fractional First/public-profiles/node_modules/@next/swc-win32-x64-msvc'
129 silly reify ]
130 verbose reify failed optional dependency /Users/adamjanes/Development/Fractional First/public-profiles/node_modules/@next/swc-win32-arm64-msvc
131 silly reify mark deleted [
131 silly reify   '/Users/adamjanes/Development/Fractional First/public-profiles/node_modules/@next/swc-win32-arm64-msvc'
131 silly reify ]
132 verbose reify failed optional dependency /Users/adamjanes/Development/Fractional First/public-profiles/node_modules/@next/swc-linux-x64-musl
133 silly reify mark deleted [
133 silly reify   '/Users/adamjanes/Development/Fractional First/public-profiles/node_modules/@next/swc-linux-x64-musl'
133 silly reify ]
134 verbose reify failed optional dependency /Users/adamjanes/Development/Fractional First/public-profiles/node_modules/@next/swc-linux-x64-gnu
135 silly reify mark deleted [
135 silly reify   '/Users/adamjanes/Development/Fractional First/public-profiles/node_modules/@next/swc-linux-x64-gnu'
135 silly reify ]
136 verbose reify failed optional dependency /Users/adamjanes/Development/Fractional First/public-profiles/node_modules/@next/swc-linux-arm64-musl
137 silly reify mark deleted [
137 silly reify   '/Users/adamjanes/Development/Fractional First/public-profiles/node_modules/@next/swc-linux-arm64-musl'
137 silly reify ]
138 verbose reify failed optional dependency /Users/adamjanes/Development/Fractional First/public-profiles/node_modules/@next/swc-linux-arm64-gnu
139 silly reify mark deleted [
139 silly reify   '/Users/adamjanes/Development/Fractional First/public-profiles/node_modules/@next/swc-linux-arm64-gnu'
139 silly reify ]
140 verbose reify failed optional dependency /Users/adamjanes/Development/Fractional First/public-profiles/node_modules/@next/swc-darwin-x64
141 silly reify mark deleted [
141 silly reify   '/Users/adamjanes/Development/Fractional First/public-profiles/node_modules/@next/swc-darwin-x64'
141 silly reify ]
142 verbose reify failed optional dependency /Users/adamjanes/Development/Fractional First/public-profiles/node_modules/lightningcss-win32-x64-msvc
143 silly reify mark deleted [
143 silly reify   '/Users/adamjanes/Development/Fractional First/public-profiles/node_modules/lightningcss-win32-x64-msvc'
143 silly reify ]
144 verbose reify failed optional dependency /Users/adamjanes/Development/Fractional First/public-profiles/node_modules/lightningcss-win32-arm64-msvc
145 silly reify mark deleted [
145 silly reify   '/Users/adamjanes/Development/Fractional First/public-profiles/node_modules/lightningcss-win32-arm64-msvc'
145 silly reify ]
146 verbose reify failed optional dependency /Users/adamjanes/Development/Fractional First/public-profiles/node_modules/lightningcss-linux-x64-musl
147 silly reify mark deleted [
147 silly reify   '/Users/adamjanes/Development/Fractional First/public-profiles/node_modules/lightningcss-linux-x64-musl'
147 silly reify ]
148 verbose reify failed optional dependency /Users/adamjanes/Development/Fractional First/public-profiles/node_modules/lightningcss-linux-x64-gnu
149 silly reify mark deleted [
149 silly reify   '/Users/adamjanes/Development/Fractional First/public-profiles/node_modules/lightningcss-linux-x64-gnu'
149 silly reify ]
150 verbose reify failed optional dependency /Users/adamjanes/Development/Fractional First/public-profiles/node_modules/lightningcss-linux-arm64-musl
151 silly reify mark deleted [
151 silly reify   '/Users/adamjanes/Development/Fractional First/public-profiles/node_modules/lightningcss-linux-arm64-musl'
151 silly reify ]
152 verbose reify failed optional dependency /Users/adamjanes/Development/Fractional First/public-profiles/node_modules/lightningcss-linux-arm64-gnu
153 silly reify mark deleted [
153 silly reify   '/Users/adamjanes/Development/Fractional First/public-profiles/node_modules/lightningcss-linux-arm64-gnu'
153 silly reify ]
154 verbose reify failed optional dependency /Users/adamjanes/Development/Fractional First/public-profiles/node_modules/lightningcss-linux-arm-gnueabihf
155 silly reify mark deleted [
155 silly reify   '/Users/adamjanes/Development/Fractional First/public-profiles/node_modules/lightningcss-linux-arm-gnueabihf'
155 silly reify ]
156 verbose reify failed optional dependency /Users/adamjanes/Development/Fractional First/public-profiles/node_modules/lightningcss-freebsd-x64
157 silly reify mark deleted [
157 silly reify   '/Users/adamjanes/Development/Fractional First/public-profiles/node_modules/lightningcss-freebsd-x64'
157 silly reify ]
158 verbose reify failed optional dependency /Users/adamjanes/Development/Fractional First/public-profiles/node_modules/lightningcss-darwin-x64
159 silly reify mark deleted [
159 silly reify   '/Users/adamjanes/Development/Fractional First/public-profiles/node_modules/lightningcss-darwin-x64'
159 silly reify ]
160 verbose reify failed optional dependency /Users/adamjanes/Development/Fractional First/public-profiles/node_modules/@unrs/resolver-binding-win32-x64-msvc
161 silly reify mark deleted [
161 silly reify   '/Users/adamjanes/Development/Fractional First/public-profiles/node_modules/@unrs/resolver-binding-win32-x64-msvc'
161 silly reify ]
162 verbose reify failed optional dependency /Users/adamjanes/Development/Fractional First/public-profiles/node_modules/@unrs/resolver-binding-win32-ia32-msvc
163 silly reify mark deleted [
163 silly reify   '/Users/adamjanes/Development/Fractional First/public-profiles/node_modules/@unrs/resolver-binding-win32-ia32-msvc'
163 silly reify ]
164 verbose reify failed optional dependency /Users/adamjanes/Development/Fractional First/public-profiles/node_modules/@unrs/resolver-binding-win32-arm64-msvc
165 silly reify mark deleted [
165 silly reify   '/Users/adamjanes/Development/Fractional First/public-profiles/node_modules/@unrs/resolver-binding-win32-arm64-msvc'
165 silly reify ]
166 verbose reify failed optional dependency /Users/adamjanes/Development/Fractional First/public-profiles/node_modules/@unrs/resolver-binding-wasm32-wasi
167 silly reify mark deleted [
167 silly reify   '/Users/adamjanes/Development/Fractional First/public-profiles/node_modules/@unrs/resolver-binding-wasm32-wasi'
167 silly reify ]
168 verbose reify failed optional dependency /Users/adamjanes/Development/Fractional First/public-profiles/node_modules/@unrs/resolver-binding-linux-x64-musl
169 silly reify mark deleted [
169 silly reify   '/Users/adamjanes/Development/Fractional First/public-profiles/node_modules/@unrs/resolver-binding-linux-x64-musl'
169 silly reify ]
170 verbose reify failed optional dependency /Users/adamjanes/Development/Fractional First/public-profiles/node_modules/@unrs/resolver-binding-linux-x64-gnu
171 silly reify mark deleted [
171 silly reify   '/Users/adamjanes/Development/Fractional First/public-profiles/node_modules/@unrs/resolver-binding-linux-x64-gnu'
171 silly reify ]
172 verbose reify failed optional dependency /Users/adamjanes/Development/Fractional First/public-profiles/node_modules/@unrs/resolver-binding-linux-s390x-gnu
173 silly reify mark deleted [
173 silly reify   '/Users/adamjanes/Development/Fractional First/public-profiles/node_modules/@unrs/resolver-binding-linux-s390x-gnu'
173 silly reify ]
174 verbose reify failed optional dependency /Users/adamjanes/Development/Fractional First/public-profiles/node_modules/@unrs/resolver-binding-linux-riscv64-musl
175 silly reify mark deleted [
175 silly reify   '/Users/adamjanes/Development/Fractional First/public-profiles/node_modules/@unrs/resolver-binding-linux-riscv64-musl'
175 silly reify ]
176 verbose reify failed optional dependency /Users/adamjanes/Development/Fractional First/public-profiles/node_modules/@unrs/resolver-binding-linux-riscv64-gnu
177 silly reify mark deleted [
177 silly reify   '/Users/adamjanes/Development/Fractional First/public-profiles/node_modules/@unrs/resolver-binding-linux-riscv64-gnu'
177 silly reify ]
178 verbose reify failed optional dependency /Users/adamjanes/Development/Fractional First/public-profiles/node_modules/@unrs/resolver-binding-linux-ppc64-gnu
179 silly reify mark deleted [
179 silly reify   '/Users/adamjanes/Development/Fractional First/public-profiles/node_modules/@unrs/resolver-binding-linux-ppc64-gnu'
179 silly reify ]
180 verbose reify failed optional dependency /Users/adamjanes/Development/Fractional First/public-profiles/node_modules/@unrs/resolver-binding-linux-arm64-musl
181 silly reify mark deleted [
181 silly reify   '/Users/adamjanes/Development/Fractional First/public-profiles/node_modules/@unrs/resolver-binding-linux-arm64-musl'
181 silly reify ]
182 verbose reify failed optional dependency /Users/adamjanes/Development/Fractional First/public-profiles/node_modules/@unrs/resolver-binding-linux-arm64-gnu
183 silly reify mark deleted [
183 silly reify   '/Users/adamjanes/Development/Fractional First/public-profiles/node_modules/@unrs/resolver-binding-linux-arm64-gnu'
183 silly reify ]
184 verbose reify failed optional dependency /Users/adamjanes/Development/Fractional First/public-profiles/node_modules/@unrs/resolver-binding-linux-arm-musleabihf
185 silly reify mark deleted [
185 silly reify   '/Users/adamjanes/Development/Fractional First/public-profiles/node_modules/@unrs/resolver-binding-linux-arm-musleabihf'
185 silly reify ]
186 verbose reify failed optional dependency /Users/adamjanes/Development/Fractional First/public-profiles/node_modules/@unrs/resolver-binding-linux-arm-gnueabihf
187 silly reify mark deleted [
187 silly reify   '/Users/adamjanes/Development/Fractional First/public-profiles/node_modules/@unrs/resolver-binding-linux-arm-gnueabihf'
187 silly reify ]
188 verbose reify failed optional dependency /Users/adamjanes/Development/Fractional First/public-profiles/node_modules/@unrs/resolver-binding-freebsd-x64
189 silly reify mark deleted [
189 silly reify   '/Users/adamjanes/Development/Fractional First/public-profiles/node_modules/@unrs/resolver-binding-freebsd-x64'
189 silly reify ]
190 verbose reify failed optional dependency /Users/adamjanes/Development/Fractional First/public-profiles/node_modules/@unrs/resolver-binding-darwin-x64
191 silly reify mark deleted [
191 silly reify   '/Users/adamjanes/Development/Fractional First/public-profiles/node_modules/@unrs/resolver-binding-darwin-x64'
191 silly reify ]
192 verbose reify failed optional dependency /Users/adamjanes/Development/Fractional First/public-profiles/node_modules/@unrs/resolver-binding-android-arm64
193 silly reify mark deleted [
193 silly reify   '/Users/adamjanes/Development/Fractional First/public-profiles/node_modules/@unrs/resolver-binding-android-arm64'
193 silly reify ]
194 verbose reify failed optional dependency /Users/adamjanes/Development/Fractional First/public-profiles/node_modules/@unrs/resolver-binding-android-arm-eabi
195 silly reify mark deleted [
195 silly reify   '/Users/adamjanes/Development/Fractional First/public-profiles/node_modules/@unrs/resolver-binding-android-arm-eabi'
195 silly reify ]
196 verbose reify failed optional dependency /Users/adamjanes/Development/Fractional First/public-profiles/node_modules/@tailwindcss/oxide-win32-x64-msvc
197 silly reify mark deleted [
197 silly reify   '/Users/adamjanes/Development/Fractional First/public-profiles/node_modules/@tailwindcss/oxide-win32-x64-msvc'
197 silly reify ]
198 verbose reify failed optional dependency /Users/adamjanes/Development/Fractional First/public-profiles/node_modules/@tailwindcss/oxide-win32-arm64-msvc
199 silly reify mark deleted [
199 silly reify   '/Users/adamjanes/Development/Fractional First/public-profiles/node_modules/@tailwindcss/oxide-win32-arm64-msvc'
199 silly reify ]
200 verbose reify failed optional dependency /Users/adamjanes/Development/Fractional First/public-profiles/node_modules/@tailwindcss/oxide-linux-x64-musl
201 silly reify mark deleted [
201 silly reify   '/Users/adamjanes/Development/Fractional First/public-profiles/node_modules/@tailwindcss/oxide-linux-x64-musl'
201 silly reify ]
202 verbose reify failed optional dependency /Users/adamjanes/Development/Fractional First/public-profiles/node_modules/@tailwindcss/oxide-linux-x64-gnu
203 silly reify mark deleted [
203 silly reify   '/Users/adamjanes/Development/Fractional First/public-profiles/node_modules/@tailwindcss/oxide-linux-x64-gnu'
203 silly reify ]
204 verbose reify failed optional dependency /Users/adamjanes/Development/Fractional First/public-profiles/node_modules/@tailwindcss/oxide-linux-arm64-musl
205 silly reify mark deleted [
205 silly reify   '/Users/adamjanes/Development/Fractional First/public-profiles/node_modules/@tailwindcss/oxide-linux-arm64-musl'
205 silly reify ]
206 verbose reify failed optional dependency /Users/adamjanes/Development/Fractional First/public-profiles/node_modules/@tailwindcss/oxide-linux-arm64-gnu
207 silly reify mark deleted [
207 silly reify   '/Users/adamjanes/Development/Fractional First/public-profiles/node_modules/@tailwindcss/oxide-linux-arm64-gnu'
207 silly reify ]
208 verbose reify failed optional dependency /Users/adamjanes/Development/Fractional First/public-profiles/node_modules/@tailwindcss/oxide-linux-arm-gnueabihf
209 silly reify mark deleted [
209 silly reify   '/Users/adamjanes/Development/Fractional First/public-profiles/node_modules/@tailwindcss/oxide-linux-arm-gnueabihf'
209 silly reify ]
210 verbose reify failed optional dependency /Users/adamjanes/Development/Fractional First/public-profiles/node_modules/@tailwindcss/oxide-freebsd-x64
211 silly reify mark deleted [
211 silly reify   '/Users/adamjanes/Development/Fractional First/public-profiles/node_modules/@tailwindcss/oxide-freebsd-x64'
211 silly reify ]
212 verbose reify failed optional dependency /Users/adamjanes/Development/Fractional First/public-profiles/node_modules/@tailwindcss/oxide-darwin-x64
213 silly reify mark deleted [
213 silly reify   '/Users/adamjanes/Development/Fractional First/public-profiles/node_modules/@tailwindcss/oxide-darwin-x64'
213 silly reify ]
214 verbose reify failed optional dependency /Users/adamjanes/Development/Fractional First/public-profiles/node_modules/@tailwindcss/oxide-android-arm64
215 silly reify mark deleted [
215 silly reify   '/Users/adamjanes/Development/Fractional First/public-profiles/node_modules/@tailwindcss/oxide-android-arm64'
215 silly reify ]
216 verbose reify failed optional dependency /Users/adamjanes/Development/Fractional First/public-profiles/node_modules/@img/sharp-win32-x64
217 silly reify mark deleted [
217 silly reify   '/Users/adamjanes/Development/Fractional First/public-profiles/node_modules/@img/sharp-win32-x64'
217 silly reify ]
218 verbose reify failed optional dependency /Users/adamjanes/Development/Fractional First/public-profiles/node_modules/@img/sharp-win32-ia32
219 silly reify mark deleted [
219 silly reify   '/Users/adamjanes/Development/Fractional First/public-profiles/node_modules/@img/sharp-win32-ia32'
219 silly reify ]
220 verbose reify failed optional dependency /Users/adamjanes/Development/Fractional First/public-profiles/node_modules/@img/sharp-win32-arm64
221 silly reify mark deleted [
221 silly reify   '/Users/adamjanes/Development/Fractional First/public-profiles/node_modules/@img/sharp-win32-arm64'
221 silly reify ]
222 verbose reify failed optional dependency /Users/adamjanes/Development/Fractional First/public-profiles/node_modules/@img/sharp-wasm32
223 silly reify mark deleted [
223 silly reify   '/Users/adamjanes/Development/Fractional First/public-profiles/node_modules/@img/sharp-wasm32'
223 silly reify ]
224 verbose reify failed optional dependency /Users/adamjanes/Development/Fractional First/public-profiles/node_modules/@img/sharp-linuxmusl-x64
225 silly reify mark deleted [
225 silly reify   '/Users/adamjanes/Development/Fractional First/public-profiles/node_modules/@img/sharp-linuxmusl-x64'
225 silly reify ]
226 verbose reify failed optional dependency /Users/adamjanes/Development/Fractional First/public-profiles/node_modules/@img/sharp-linuxmusl-arm64
227 silly reify mark deleted [
227 silly reify   '/Users/adamjanes/Development/Fractional First/public-profiles/node_modules/@img/sharp-linuxmusl-arm64'
227 silly reify ]
228 verbose reify failed optional dependency /Users/adamjanes/Development/Fractional First/public-profiles/node_modules/@img/sharp-linux-x64
229 silly reify mark deleted [
229 silly reify   '/Users/adamjanes/Development/Fractional First/public-profiles/node_modules/@img/sharp-linux-x64'
229 silly reify ]
230 verbose reify failed optional dependency /Users/adamjanes/Development/Fractional First/public-profiles/node_modules/@img/sharp-linux-s390x
231 silly reify mark deleted [
231 silly reify   '/Users/adamjanes/Development/Fractional First/public-profiles/node_modules/@img/sharp-linux-s390x'
231 silly reify ]
232 verbose reify failed optional dependency /Users/adamjanes/Development/Fractional First/public-profiles/node_modules/@img/sharp-linux-ppc64
233 silly reify mark deleted [
233 silly reify   '/Users/adamjanes/Development/Fractional First/public-profiles/node_modules/@img/sharp-linux-ppc64'
233 silly reify ]
234 verbose reify failed optional dependency /Users/adamjanes/Development/Fractional First/public-profiles/node_modules/@img/sharp-linux-arm64
235 silly reify mark deleted [
235 silly reify   '/Users/adamjanes/Development/Fractional First/public-profiles/node_modules/@img/sharp-linux-arm64'
235 silly reify ]
236 verbose reify failed optional dependency /Users/adamjanes/Development/Fractional First/public-profiles/node_modules/@img/sharp-linux-arm
237 silly reify mark deleted [
237 silly reify   '/Users/adamjanes/Development/Fractional First/public-profiles/node_modules/@img/sharp-linux-arm'
237 silly reify ]
238 verbose reify failed optional dependency /Users/adamjanes/Development/Fractional First/public-profiles/node_modules/@img/sharp-libvips-linuxmusl-x64
239 silly reify mark deleted [
239 silly reify   '/Users/adamjanes/Development/Fractional First/public-profiles/node_modules/@img/sharp-libvips-linuxmusl-x64'
239 silly reify ]
240 verbose reify failed optional dependency /Users/adamjanes/Development/Fractional First/public-profiles/node_modules/@img/sharp-libvips-linuxmusl-arm64
241 silly reify mark deleted [
241 silly reify   '/Users/adamjanes/Development/Fractional First/public-profiles/node_modules/@img/sharp-libvips-linuxmusl-arm64'
241 silly reify ]
242 verbose reify failed optional dependency /Users/adamjanes/Development/Fractional First/public-profiles/node_modules/@img/sharp-libvips-linux-x64
243 silly reify mark deleted [
243 silly reify   '/Users/adamjanes/Development/Fractional First/public-profiles/node_modules/@img/sharp-libvips-linux-x64'
243 silly reify ]
244 verbose reify failed optional dependency /Users/adamjanes/Development/Fractional First/public-profiles/node_modules/@img/sharp-libvips-linux-s390x
245 silly reify mark deleted [
245 silly reify   '/Users/adamjanes/Development/Fractional First/public-profiles/node_modules/@img/sharp-libvips-linux-s390x'
245 silly reify ]
246 verbose reify failed optional dependency /Users/adamjanes/Development/Fractional First/public-profiles/node_modules/@img/sharp-libvips-linux-ppc64
247 silly reify mark deleted [
247 silly reify   '/Users/adamjanes/Development/Fractional First/public-profiles/node_modules/@img/sharp-libvips-linux-ppc64'
247 silly reify ]
248 verbose reify failed optional dependency /Users/adamjanes/Development/Fractional First/public-profiles/node_modules/@img/sharp-libvips-linux-arm64
249 silly reify mark deleted [
249 silly reify   '/Users/adamjanes/Development/Fractional First/public-profiles/node_modules/@img/sharp-libvips-linux-arm64'
249 silly reify ]
250 verbose reify failed optional dependency /Users/adamjanes/Development/Fractional First/public-profiles/node_modules/@img/sharp-libvips-linux-arm
251 silly reify mark deleted [
251 silly reify   '/Users/adamjanes/Development/Fractional First/public-profiles/node_modules/@img/sharp-libvips-linux-arm'
251 silly reify ]
252 verbose reify failed optional dependency /Users/adamjanes/Development/Fractional First/public-profiles/node_modules/@img/sharp-libvips-darwin-x64
253 silly reify mark deleted [
253 silly reify   '/Users/adamjanes/Development/Fractional First/public-profiles/node_modules/@img/sharp-libvips-darwin-x64'
253 silly reify ]
254 verbose reify failed optional dependency /Users/adamjanes/Development/Fractional First/public-profiles/node_modules/@img/sharp-darwin-x64
255 silly reify mark deleted [
255 silly reify   '/Users/adamjanes/Development/Fractional First/public-profiles/node_modules/@img/sharp-darwin-x64'
255 silly reify ]
256 silly tarball no local data for eslint-config-next@https://registry.npmjs.org/eslint-config-next/-/eslint-config-next-15.5.7.tgz. Extracting by manifest.
257 silly tarball no local data for @next/swc-darwin-arm64@https://registry.npmjs.org/@next/swc-darwin-arm64/-/swc-darwin-arm64-15.5.7.tgz. Extracting by manifest.
258 silly tarball no local data for @next/env@https://registry.npmjs.org/@next/env/-/env-15.5.7.tgz. Extracting by manifest.
259 silly tarball no local data for next@https://registry.npmjs.org/next/-/next-15.5.7.tgz. Extracting by manifest.
260 silly tarball no local data for @next/eslint-plugin-next@https://registry.npmjs.org/@next/eslint-plugin-next/-/eslint-plugin-next-15.5.7.tgz. Extracting by manifest.
261 http fetch GET 200 https://registry.npmjs.org/eslint-config-next/-/eslint-config-next-15.5.7.tgz 78ms (cache miss)
262 http fetch GET 200 https://registry.npmjs.org/@next/eslint-plugin-next/-/eslint-plugin-next-15.5.7.tgz 233ms (cache miss)
263 http fetch GET 200 https://registry.npmjs.org/@next/env/-/env-15.5.7.tgz 388ms (cache miss)
264 http fetch GET 200 https://registry.npmjs.org/next/-/next-15.5.7.tgz 2127ms (cache miss)
265 warn deprecated next@15.5.7: This version has a security vulnerability. Please upgrade to a patched version. See https://nextjs.org/blog/security-update-2025-12-11 for more details.
266 http fetch GET 200 https://registry.npmjs.org/@next/swc-darwin-arm64/-/swc-darwin-arm64-15.5.7.tgz 3821ms (cache miss)
267 silly ADD
268 silly ADD
269 silly ADD
270 silly ADD
271 silly ADD
272 silly ADD
273 silly ADD
274 silly ADD
275 silly ADD
276 silly ADD
277 silly ADD
278 silly ADD
279 silly ADD
280 silly ADD
281 silly ADD
282 silly ADD
283 silly ADD
284 silly ADD
285 silly ADD
286 silly ADD
287 silly ADD
288 silly ADD
289 silly ADD
290 silly ADD
291 silly ADD
292 silly ADD
293 silly ADD
294 silly ADD
295 silly ADD
296 silly ADD
297 silly ADD
298 silly ADD
299 silly ADD
300 silly ADD
301 silly ADD
302 silly ADD
303 silly ADD
304 silly ADD
305 silly ADD
306 silly ADD
307 silly ADD
308 silly ADD
309 silly ADD
310 silly ADD
311 silly ADD
312 silly ADD
313 silly ADD
314 silly ADD
315 silly ADD
316 silly ADD
317 silly ADD
318 silly ADD
319 silly ADD
320 silly ADD
321 silly ADD
322 silly ADD
323 silly ADD
324 silly ADD
325 silly ADD
326 silly ADD
327 silly ADD
328 silly ADD
329 silly ADD
330 silly ADD
331 silly ADD
332 silly CHANGE node_modules/next
333 silly CHANGE node_modules/eslint-config-next
334 silly CHANGE node_modules/@next/swc-darwin-arm64
335 silly CHANGE node_modules/@next/eslint-plugin-next
336 silly CHANGE node_modules/@next/env
337 verbose cwd /Users/adamjanes/Development/Fractional First/public-profiles
338 verbose os Darwin 24.6.0
339 verbose node v20.19.5
340 verbose npm  v10.8.2
341 verbose exit 0
342 info ok
